<result>
    <monthly_result>
        <month>01</month>
        <item_count>1</item_count>
    </monthly_result>
    <monthly_result>
        <month>02</month>
        <item_count>2</item_count>
    </monthly_result>
    <monthly_result>
        <month>03</month>
        <item_count>3</item_count>
    </monthly_result>
    <monthly_result>
        <month>04</month>
        <item_count>1</item_count>
    </monthly_result>
    <monthly_result>
        <month>05</month>
        <item_count>1</item_count>
    </monthly_result>
</result>