COLLECTION: /db
COLLECTION: /db/resources
COLLECTION: /db/resources/temp
COLLECTION: /db/resources/commons
COLLECTION: /db/resources/commons/samples
COLLECTION: /db/resources/commons/mads
COLLECTION: /db/resources/commons/exist
COLLECTION: /db/resources/users
COLLECTION: /db/resources/users/adam
COLLECTION: /db/resources/users/adam/other6
COLLECTION: /db/resources/users/adam/mythings
COLLECTION: /db/resources/users/adam/other4
COLLECTION: /db/resources/users/adam/other3
COLLECTION: /db/resources/users/adam/other2
COLLECTION: /db/resources/users/adam/other
COLLECTION: /db/resources/users/bob
COLLECTION: /db/resources/groups
COLLECTION: /db/twitter
COLLECTION: /db/system
COLLECTION: /db/system/security
COLLECTION: /db/system/security/LDAP
COLLECTION: /db/system/security/LDAP/accounts
COLLECTION: /db/system/security/LDAP/accounts/removed
COLLECTION: /db/system/security/LDAP/groups
COLLECTION: /db/system/security/LDAP/groups/removed
COLLECTION: /db/system/security/exist
COLLECTION: /db/system/security/exist/accounts
COLLECTION: /db/system/security/exist/accounts/removed
COLLECTION: /db/system/security/exist/groups
COLLECTION: /db/system/security/exist/groups/removed
COLLECTION: /db/system/etc
COLLECTION: /db/system/config
COLLECTION: /db/system/config/db
COLLECTION: /db/system/config/db/library
COLLECTION: /db/system/config/db/library/modules
COLLECTION: /db/system/config/db/library/modules/edit
COLLECTION: /db/system/config/db/library/modules/edit/code-tables
COLLECTION: /db/system/config/db/resources
COLLECTION: /db/system/config/db/resources/commons
COLLECTION: /db/system/config/db/resources/commons/mads
COLLECTION: /db/system/repo
COLLECTION: /db/system/plugins
COLLECTION: /db/library
COLLECTION: /db/library/themes
COLLECTION: /db/library/themes/tamboti
COLLECTION: /db/library/themes/tamboti/pages
COLLECTION: /db/library/themes/tamboti/images
COLLECTION: /db/library/themes/tamboti/css
COLLECTION: /db/library/themes/default
COLLECTION: /db/library/themes/default/pages
COLLECTION: /db/library/themes/default/images
COLLECTION: /db/library/themes/default/css
COLLECTION: /db/library/themes/default/css/blueprint
COLLECTION: /db/library/docs
COLLECTION: /db/library/docs/images
COLLECTION: /db/library/docs/stylesheets
COLLECTION: /db/library/modules
COLLECTION: /db/library/modules/edit
COLLECTION: /db/library/modules/edit/code-tables
COLLECTION: /db/library/modules/edit/instances
COLLECTION: /db/library/modules/edit/body
COLLECTION: /db/library/modules/search
COLLECTION: /db/library/resources
COLLECTION: /db/library/resources/scripts
  DOCUMENT: 405 of 405
